<?xml version="1.0" encoding="UTF-8"?>
<coverage generated="1642993116862" clover="3.2.0">
  <project timestamp="1642993116862" name="All files">
    <metrics statements="135" coveredstatements="122" conditionals="45" coveredconditionals="31" methods="42" coveredmethods="33" elements="222" coveredelements="186" complexity="0" loc="135" ncloc="135" packages="6" files="9" classes="9"/>
    <package name="src">
      <metrics statements="3" coveredstatements="1" conditionals="0" coveredconditionals="0" methods="1" coveredmethods="1"/>
      <file name="App.js" path="/Users/mariacordova/Documents/exercise/devices-clientapp/src/App.js">
        <metrics statements="1" coveredstatements="1" conditionals="0" coveredconditionals="0" methods="1" coveredmethods="1"/>
        <line num="7" count="1" type="stmt"/>
      </file>
      <file name="index.js" path="/Users/mariacordova/Documents/exercise/devices-clientapp/src/index.js">
        <metrics statements="2" coveredstatements="0" conditionals="0" coveredconditionals="0" methods="0" coveredmethods="0"/>
        <line num="8" count="0" type="stmt"/>
        <line num="18" count="0" type="stmt"/>
      </file>
    </package>
    <package name="src.components">
      <metrics statements="65" coveredstatements="63" conditionals="31" coveredconditionals="25" methods="17" coveredmethods="17"/>
      <file name="DevicesTable.js" path="/Users/mariacordova/Documents/exercise/devices-clientapp/src/components/DevicesTable.js">
        <metrics statements="65" coveredstatements="63" conditionals="31" coveredconditionals="25" methods="17" coveredmethods="17"/>
        <line num="9" count="1" type="stmt"/>
        <line num="11" count="1" type="stmt"/>
        <line num="12" count="16" type="stmt"/>
        <line num="13" count="15" type="stmt"/>
        <line num="14" count="15" type="stmt"/>
        <line num="15" count="15" type="stmt"/>
        <line num="16" count="15" type="stmt"/>
        <line num="17" count="15" type="stmt"/>
        <line num="18" count="15" type="stmt"/>
        <line num="19" count="15" type="stmt"/>
        <line num="20" count="45" type="cond" truecount="2" falsecount="0"/>
        <line num="21" count="42" type="stmt"/>
        <line num="23" count="3" type="cond" truecount="2" falsecount="0"/>
        <line num="26" count="15" type="stmt"/>
        <line num="27" count="14" type="stmt"/>
        <line num="28" count="14" type="cond" truecount="4" falsecount="0"/>
        <line num="29" count="16" type="stmt"/>
        <line num="31" count="14" type="cond" truecount="4" falsecount="0"/>
        <line num="32" count="1" type="stmt"/>
        <line num="33" count="4" type="cond" truecount="2" falsecount="0"/>
        <line num="34" count="2" type="cond" truecount="1" falsecount="1"/>
        <line num="36" count="2" type="cond" truecount="1" falsecount="1"/>
        <line num="37" count="2" type="cond" truecount="1" falsecount="1"/>
        <line num="39" count="0" type="stmt"/>
        <line num="42" count="14" type="stmt"/>
        <line num="44" count="45" type="cond" truecount="2" falsecount="0"/>
        <line num="45" count="44" type="stmt"/>
        <line num="47" count="1" type="stmt"/>
        <line num="53" count="15" type="stmt"/>
        <line num="54" count="1" type="stmt"/>
        <line num="55" count="1" type="cond" truecount="1" falsecount="1"/>
        <line num="60" count="0" type="stmt"/>
        <line num="62" count="1" type="stmt"/>
        <line num="63" count="1" type="stmt"/>
        <line num="67" count="15" type="stmt"/>
        <line num="68" count="15" type="stmt"/>
        <line num="69" count="15" type="stmt"/>
        <line num="70" count="45" type="stmt"/>
        <line num="72" count="1" type="stmt"/>
        <line num="78" count="15" type="stmt"/>
        <line num="79" count="15" type="stmt"/>
        <line num="82" count="15" type="stmt"/>
        <line num="83" count="15" type="stmt"/>
        <line num="84" count="15" type="stmt"/>
        <line num="85" count="46" type="stmt"/>
        <line num="86" count="46" type="cond" truecount="2" falsecount="0"/>
        <line num="87" count="45" type="stmt"/>
        <line num="88" count="45" type="stmt"/>
        <line num="89" count="45" type="stmt"/>
        <line num="90" count="45" type="stmt"/>
        <line num="91" count="45" type="stmt"/>
        <line num="92" count="45" type="stmt"/>
        <line num="93" count="1" type="stmt"/>
        <line num="96" count="1" type="stmt"/>
        <line num="99" count="45" type="stmt"/>
        <line num="102" count="15" type="stmt"/>
        <line num="105" count="15" type="stmt"/>
        <line num="106" count="1" type="stmt"/>
        <line num="107" count="1" type="stmt"/>
        <line num="109" count="15" type="stmt"/>
        <line num="110" count="1" type="stmt"/>
        <line num="111" count="1" type="stmt"/>
        <line num="114" count="15" type="stmt"/>
        <line num="131" count="1" type="stmt"/>
        <line num="135" count="1" type="stmt"/>
      </file>
    </package>
    <package name="src.hooks">
      <metrics statements="8" coveredstatements="8" conditionals="0" coveredconditionals="0" methods="3" coveredmethods="3"/>
      <file name="useDeviceList.js" path="/Users/mariacordova/Documents/exercise/devices-clientapp/src/hooks/useDeviceList.js">
        <metrics statements="8" coveredstatements="8" conditionals="0" coveredconditionals="0" methods="3" coveredmethods="3"/>
        <line num="5" count="2" type="stmt"/>
        <line num="7" count="2" type="stmt"/>
        <line num="8" count="2" type="stmt"/>
        <line num="9" count="2" type="stmt"/>
        <line num="10" count="1" type="stmt"/>
        <line num="11" count="1" type="stmt"/>
        <line num="13" count="1" type="stmt"/>
        <line num="15" count="2" type="stmt"/>
      </file>
    </package>
    <package name="src.pages">
      <metrics statements="44" coveredstatements="39" conditionals="10" coveredconditionals="6" methods="12" coveredmethods="8"/>
      <file name="CreateEditForm.js" path="/Users/mariacordova/Documents/exercise/devices-clientapp/src/pages/CreateEditForm.js">
        <metrics statements="30" coveredstatements="26" conditionals="8" coveredconditionals="4" methods="7" coveredmethods="4"/>
        <line num="7" count="1" type="stmt"/>
        <line num="8" count="1" type="stmt"/>
        <line num="11" count="1" type="stmt"/>
        <line num="12" count="8" type="stmt"/>
        <line num="13" count="8" type="stmt"/>
        <line num="14" count="8" type="stmt"/>
        <line num="17" count="8" type="stmt"/>
        <line num="18" count="3" type="stmt"/>
        <line num="19" count="3" type="cond" truecount="2" falsecount="0"/>
        <line num="20" count="1" type="stmt"/>
        <line num="21" count="1" type="stmt"/>
        <line num="23" count="3" type="stmt"/>
        <line num="24" count="3" type="stmt"/>
        <line num="29" count="3" type="cond" truecount="2" falsecount="0"/>
        <line num="30" count="2" type="stmt"/>
        <line num="32" count="1" type="stmt"/>
        <line num="33" count="1" type="stmt"/>
        <line num="37" count="8" type="stmt"/>
        <line num="38" count="8" type="stmt"/>
        <line num="39" count="8" type="stmt"/>
        <line num="40" count="24" type="stmt"/>
        <line num="42" count="8" type="stmt"/>
        <line num="46" count="8" type="stmt"/>
        <line num="48" count="8" type="stmt"/>
        <line num="63" count="0" type="cond" truecount="0" falsecount="2"/>
        <line num="64" count="0" type="stmt"/>
        <line num="93" count="0" type="cond" truecount="0" falsecount="2"/>
        <line num="94" count="0" type="stmt"/>
        <line num="114" count="1" type="stmt"/>
        <line num="122" count="1" type="stmt"/>
      </file>
      <file name="Dashboard.js" path="/Users/mariacordova/Documents/exercise/devices-clientapp/src/pages/Dashboard.js">
        <metrics statements="14" coveredstatements="13" conditionals="2" coveredconditionals="2" methods="5" coveredmethods="4"/>
        <line num="7" count="1" type="stmt"/>
        <line num="9" count="1" type="stmt"/>
        <line num="10" count="4" type="stmt"/>
        <line num="11" count="4" type="stmt"/>
        <line num="13" count="4" type="stmt"/>
        <line num="14" count="0" type="stmt"/>
        <line num="17" count="4" type="stmt"/>
        <line num="18" count="4" type="stmt"/>
        <line num="19" count="4" type="stmt"/>
        <line num="20" count="12" type="stmt"/>
        <line num="22" count="4" type="stmt"/>
        <line num="25" count="4" type="stmt"/>
        <line num="26" count="1" type="stmt"/>
        <line num="30" count="4" type="stmt"/>
      </file>
    </package>
    <package name="src.services">
      <metrics statements="14" coveredstatements="10" conditionals="4" coveredconditionals="0" methods="9" coveredmethods="4"/>
      <file name="deviceService.js" path="/Users/mariacordova/Documents/exercise/devices-clientapp/src/services/deviceService.js">
        <metrics statements="9" coveredstatements="5" conditionals="4" coveredconditionals="0" methods="5" coveredmethods="0"/>
        <line num="4" count="3" type="stmt"/>
        <line num="5" count="3" type="stmt"/>
        <line num="6" count="3" type="stmt"/>
        <line num="8" count="3" type="stmt"/>
        <line num="9" count="0" type="stmt"/>
        <line num="16" count="3" type="stmt"/>
        <line num="17" count="0" type="stmt"/>
        <line num="19" count="0" type="stmt"/>
        <line num="22" count="0" type="stmt"/>
      </file>
      <file name="restService.js" path="/Users/mariacordova/Documents/exercise/devices-clientapp/src/services/restService.js">
        <metrics statements="5" coveredstatements="5" conditionals="0" coveredconditionals="0" methods="4" coveredmethods="4"/>
        <line num="3" count="4" type="stmt"/>
        <line num="4" count="2" type="stmt"/>
        <line num="14" count="1" type="stmt"/>
        <line num="17" count="1" type="stmt"/>
        <line num="18" count="1" type="stmt"/>
      </file>
    </package>
    <package name="src.util">
      <metrics statements="1" coveredstatements="1" conditionals="0" coveredconditionals="0" methods="0" coveredmethods="0"/>
      <file name="Constants.js" path="/Users/mariacordova/Documents/exercise/devices-clientapp/src/util/Constants.js">
        <metrics statements="1" coveredstatements="1" conditionals="0" coveredconditionals="0" methods="0" coveredmethods="0"/>
        <line num="1" count="8" type="stmt"/>
      </file>
    </package>
  </project>
</coverage>
