{"/Users/mariacordova/Documents/exercise/devices-clientapp/src/App.js": {"path":"/Users/mariacordova/Documents/exercise/devices-clientapp/src/App.js","statementMap":{"0":{"start":{"line":7,"column":2},"end":{"line":11,"column":4}}},"fnMap":{"0":{"name":"App","decl":{"start":{"line":6,"column":9},"end":{"line":6,"column":12}},"loc":{"start":{"line":6,"column":15},"end":{"line":12,"column":1}},"line":6}},"branchMap":{},"s":{"0":1},"f":{"0":1},"b":{},"_coverageSchema":"1a1c01bbd47fc00a2c39e90264f33305004495a9","hash":"96e96bc695aa36d4be7bbaf3992c6ad27718b83b"}
,"/Users/mariacordova/Documents/exercise/devices-clientapp/src/index.js": {"path":"/Users/mariacordova/Documents/exercise/devices-clientapp/src/index.js","statementMap":{"0":{"start":{"line":8,"column":0},"end":{"line":13,"column":2}},"1":{"start":{"line":18,"column":0},"end":{"line":18,"column":18}}},"fnMap":{},"branchMap":{},"s":{"0":0,"1":0},"f":{},"b":{}}
,"/Users/mariacordova/Documents/exercise/devices-clientapp/src/components/DevicesTable.js": {"path":"/Users/mariacordova/Documents/exercise/devices-clientapp/src/components/DevicesTable.js","statementMap":{"0":{"start":{"line":9,"column":26},"end":{"line":9,"column":35}},"1":{"start":{"line":11,"column":21},"end":{"line":129,"column":1}},"2":{"start":{"line":12,"column":23},"end":{"line":12,"column":28}},"3":{"start":{"line":13,"column":26},"end":{"line":13,"column":41}},"4":{"start":{"line":14,"column":46},"end":{"line":14,"column":56}},"5":{"start":{"line":15,"column":32},"end":{"line":15,"column":44}},"6":{"start":{"line":16,"column":38},"end":{"line":16,"column":53}},"7":{"start":{"line":17,"column":40},"end":{"line":17,"column":54}},"8":{"start":{"line":18,"column":32},"end":{"line":18,"column":51}},"9":{"start":{"line":19,"column":29},"end":{"line":24,"column":5}},"10":{"start":{"line":20,"column":8},"end":{"line":22,"column":9}},"11":{"start":{"line":21,"column":12},"end":{"line":21,"column":19}},"12":{"start":{"line":23,"column":8},"end":{"line":23,"column":74}},"13":{"start":{"line":26,"column":17},"end":{"line":51,"column":66}},"14":{"start":{"line":27,"column":22},"end":{"line":27,"column":33}},"15":{"start":{"line":28,"column":8},"end":{"line":30,"column":9}},"16":{"start":{"line":29,"column":12},"end":{"line":29,"column":77}},"17":{"start":{"line":29,"column":51},"end":{"line":29,"column":75}},"18":{"start":{"line":31,"column":8},"end":{"line":41,"column":9}},"19":{"start":{"line":32,"column":12},"end":{"line":40,"column":15}},"20":{"start":{"line":33,"column":16},"end":{"line":35,"column":17}},"21":{"start":{"line":34,"column":20},"end":{"line":34,"column":73}},"22":{"start":{"line":36,"column":16},"end":{"line":38,"column":17}},"23":{"start":{"line":37,"column":20},"end":{"line":37,"column":73}},"24":{"start":{"line":39,"column":16},"end":{"line":39,"column":25}},"25":{"start":{"line":42,"column":8},"end":{"line":50,"column":10}},"26":{"start":{"line":44,"column":16},"end":{"line":48,"column":17}},"27":{"start":{"line":45,"column":20},"end":{"line":45,"column":39}},"28":{"start":{"line":47,"column":20},"end":{"line":47,"column":37}},"29":{"start":{"line":53,"column":24},"end":{"line":64,"column":5}},"30":{"start":{"line":54,"column":24},"end":{"line":54,"column":35}},"31":{"start":{"line":55,"column":8},"end":{"line":61,"column":9}},"32":{"start":{"line":60,"column":12},"end":{"line":60,"column":37}},"33":{"start":{"line":62,"column":8},"end":{"line":62,"column":42}},"34":{"start":{"line":63,"column":8},"end":{"line":63,"column":23}},"35":{"start":{"line":67,"column":25},"end":{"line":80,"column":5}},"36":{"start":{"line":68,"column":21},"end":{"line":68,"column":23}},"37":{"start":{"line":69,"column":8},"end":{"line":77,"column":10}},"38":{"start":{"line":70,"column":12},"end":{"line":76,"column":28}},"39":{"start":{"line":72,"column":31},"end":{"line":72,"column":48}},"40":{"start":{"line":78,"column":8},"end":{"line":78,"column":33}},"41":{"start":{"line":79,"column":8},"end":{"line":79,"column":22}},"42":{"start":{"line":82,"column":23},"end":{"line":103,"column":5}},"43":{"start":{"line":83,"column":20},"end":{"line":83,"column":22}},"44":{"start":{"line":84,"column":8},"end":{"line":101,"column":11}},"45":{"start":{"line":85,"column":27},"end":{"line":85,"column":29}},"46":{"start":{"line":86,"column":12},"end":{"line":100,"column":13}},"47":{"start":{"line":87,"column":62},"end":{"line":87,"column":68}},"48":{"start":{"line":88,"column":26},"end":{"line":88,"column":41}},"49":{"start":{"line":89,"column":16},"end":{"line":89,"column":54}},"50":{"start":{"line":90,"column":16},"end":{"line":90,"column":47}},"51":{"start":{"line":91,"column":16},"end":{"line":91,"column":55}},"52":{"start":{"line":92,"column":16},"end":{"line":97,"column":41}},"53":{"start":{"line":93,"column":34},"end":{"line":93,"column":53}},"54":{"start":{"line":96,"column":34},"end":{"line":96,"column":53}},"55":{"start":{"line":99,"column":16},"end":{"line":99,"column":58}},"56":{"start":{"line":102,"column":8},"end":{"line":102,"column":21}},"57":{"start":{"line":105,"column":21},"end":{"line":108,"column":5}},"58":{"start":{"line":106,"column":8},"end":{"line":106,"column":27}},"59":{"start":{"line":107,"column":8},"end":{"line":107,"column":32}},"60":{"start":{"line":107,"column":24},"end":{"line":107,"column":30}},"61":{"start":{"line":109,"column":21},"end":{"line":112,"column":5}},"62":{"start":{"line":110,"column":8},"end":{"line":110,"column":48}},"63":{"start":{"line":111,"column":8},"end":{"line":111,"column":33}},"64":{"start":{"line":114,"column":4},"end":{"line":128,"column":6}},"65":{"start":{"line":131,"column":0},"end":{"line":133,"column":1}},"66":{"start":{"line":135,"column":0},"end":{"line":137,"column":1}}},"fnMap":{"0":{"name":"(anonymous_0)","decl":{"start":{"line":11,"column":21},"end":{"line":11,"column":22}},"loc":{"start":{"line":11,"column":32},"end":{"line":129,"column":1}},"line":11},"1":{"name":"(anonymous_1)","decl":{"start":{"line":19,"column":29},"end":{"line":19,"column":30}},"loc":{"start":{"line":19,"column":39},"end":{"line":24,"column":5}},"line":19},"2":{"name":"(anonymous_2)","decl":{"start":{"line":26,"column":25},"end":{"line":26,"column":26}},"loc":{"start":{"line":26,"column":31},"end":{"line":51,"column":5}},"line":26},"3":{"name":"(anonymous_3)","decl":{"start":{"line":29,"column":41},"end":{"line":29,"column":42}},"loc":{"start":{"line":29,"column":51},"end":{"line":29,"column":75}},"line":29},"4":{"name":"(anonymous_4)","decl":{"start":{"line":32,"column":25},"end":{"line":32,"column":26}},"loc":{"start":{"line":32,"column":35},"end":{"line":40,"column":13}},"line":32},"5":{"name":"(anonymous_5)","decl":{"start":{"line":43,"column":12},"end":{"line":43,"column":13}},"loc":{"start":{"line":43,"column":21},"end":{"line":49,"column":13}},"line":43},"6":{"name":"(anonymous_6)","decl":{"start":{"line":53,"column":24},"end":{"line":53,"column":25}},"loc":{"start":{"line":53,"column":33},"end":{"line":64,"column":5}},"line":53},"7":{"name":"(anonymous_7)","decl":{"start":{"line":67,"column":25},"end":{"line":67,"column":26}},"loc":{"start":{"line":67,"column":31},"end":{"line":80,"column":5}},"line":67},"8":{"name":"(anonymous_8)","decl":{"start":{"line":69,"column":24},"end":{"line":69,"column":25}},"loc":{"start":{"line":69,"column":49},"end":{"line":77,"column":9}},"line":69},"9":{"name":"(anonymous_9)","decl":{"start":{"line":72,"column":25},"end":{"line":72,"column":26}},"loc":{"start":{"line":72,"column":31},"end":{"line":72,"column":48}},"line":72},"10":{"name":"(anonymous_10)","decl":{"start":{"line":82,"column":23},"end":{"line":82,"column":24}},"loc":{"start":{"line":82,"column":29},"end":{"line":103,"column":5}},"line":82},"11":{"name":"(anonymous_11)","decl":{"start":{"line":84,"column":21},"end":{"line":84,"column":22}},"loc":{"start":{"line":84,"column":40},"end":{"line":101,"column":9}},"line":84},"12":{"name":"(anonymous_12)","decl":{"start":{"line":93,"column":29},"end":{"line":93,"column":30}},"loc":{"start":{"line":93,"column":34},"end":{"line":93,"column":53}},"line":93},"13":{"name":"(anonymous_13)","decl":{"start":{"line":96,"column":29},"end":{"line":96,"column":30}},"loc":{"start":{"line":96,"column":34},"end":{"line":96,"column":53}},"line":96},"14":{"name":"(anonymous_14)","decl":{"start":{"line":105,"column":21},"end":{"line":105,"column":22}},"loc":{"start":{"line":105,"column":40},"end":{"line":108,"column":5}},"line":105},"15":{"name":"(anonymous_15)","decl":{"start":{"line":107,"column":18},"end":{"line":107,"column":19}},"loc":{"start":{"line":107,"column":24},"end":{"line":107,"column":30}},"line":107},"16":{"name":"(anonymous_16)","decl":{"start":{"line":109,"column":21},"end":{"line":109,"column":22}},"loc":{"start":{"line":109,"column":40},"end":{"line":112,"column":5}},"line":109}},"branchMap":{"0":{"loc":{"start":{"line":20,"column":8},"end":{"line":22,"column":9}},"type":"if","locations":[{"start":{"line":20,"column":8},"end":{"line":22,"column":9}},{"start":{},"end":{}}],"line":20},"1":{"loc":{"start":{"line":23,"column":15},"end":{"line":23,"column":73}},"type":"cond-expr","locations":[{"start":{"line":23,"column":41},"end":{"line":23,"column":61}},{"start":{"line":23,"column":64},"end":{"line":23,"column":73}}],"line":23},"2":{"loc":{"start":{"line":28,"column":8},"end":{"line":30,"column":9}},"type":"if","locations":[{"start":{"line":28,"column":8},"end":{"line":30,"column":9}},{"start":{},"end":{}}],"line":28},"3":{"loc":{"start":{"line":28,"column":12},"end":{"line":28,"column":42}},"type":"binary-expr","locations":[{"start":{"line":28,"column":12},"end":{"line":28,"column":20}},{"start":{"line":28,"column":24},"end":{"line":28,"column":42}}],"line":28},"4":{"loc":{"start":{"line":31,"column":8},"end":{"line":41,"column":9}},"type":"if","locations":[{"start":{"line":31,"column":8},"end":{"line":41,"column":9}},{"start":{},"end":{}}],"line":31},"5":{"loc":{"start":{"line":31,"column":11},"end":{"line":31,"column":31}},"type":"binary-expr","locations":[{"start":{"line":31,"column":11},"end":{"line":31,"column":17}},{"start":{"line":31,"column":21},"end":{"line":31,"column":31}}],"line":31},"6":{"loc":{"start":{"line":33,"column":16},"end":{"line":35,"column":17}},"type":"if","locations":[{"start":{"line":33,"column":16},"end":{"line":35,"column":17}},{"start":{},"end":{}}],"line":33},"7":{"loc":{"start":{"line":34,"column":27},"end":{"line":34,"column":72}},"type":"cond-expr","locations":[{"start":{"line":34,"column":66},"end":{"line":34,"column":68}},{"start":{"line":34,"column":71},"end":{"line":34,"column":72}}],"line":34},"8":{"loc":{"start":{"line":36,"column":16},"end":{"line":38,"column":17}},"type":"if","locations":[{"start":{"line":36,"column":16},"end":{"line":38,"column":17}},{"start":{},"end":{}}],"line":36},"9":{"loc":{"start":{"line":37,"column":27},"end":{"line":37,"column":72}},"type":"cond-expr","locations":[{"start":{"line":37,"column":66},"end":{"line":37,"column":67}},{"start":{"line":37,"column":70},"end":{"line":37,"column":72}}],"line":37},"10":{"loc":{"start":{"line":44,"column":16},"end":{"line":48,"column":17}},"type":"if","locations":[{"start":{"line":44,"column":16},"end":{"line":48,"column":17}},{"start":{"line":46,"column":21},"end":{"line":48,"column":17}}],"line":44},"11":{"loc":{"start":{"line":55,"column":8},"end":{"line":61,"column":9}},"type":"if","locations":[{"start":{"line":55,"column":8},"end":{"line":61,"column":9}},{"start":{},"end":{}}],"line":55},"12":{"loc":{"start":{"line":56,"column":12},"end":{"line":58,"column":48}},"type":"binary-expr","locations":[{"start":{"line":56,"column":12},"end":{"line":56,"column":22}},{"start":{"line":57,"column":12},"end":{"line":57,"column":34}},{"start":{"line":58,"column":12},"end":{"line":58,"column":48}}],"line":56},"13":{"loc":{"start":{"line":86,"column":12},"end":{"line":100,"column":13}},"type":"if","locations":[{"start":{"line":86,"column":12},"end":{"line":100,"column":13}},{"start":{},"end":{}}],"line":86},"14":{"loc":{"start":{"line":126,"column":13},"end":{"line":126,"column":66}},"type":"cond-expr","locations":[{"start":{"line":126,"column":25},"end":{"line":126,"column":58}},{"start":{"line":126,"column":61},"end":{"line":126,"column":66}}],"line":126}},"s":{"0":1,"1":1,"2":16,"3":15,"4":15,"5":15,"6":15,"7":15,"8":15,"9":15,"10":45,"11":42,"12":3,"13":15,"14":14,"15":14,"16":4,"17":16,"18":14,"19":1,"20":4,"21":2,"22":2,"23":2,"24":0,"25":14,"26":45,"27":44,"28":1,"29":15,"30":1,"31":1,"32":0,"33":1,"34":1,"35":15,"36":15,"37":15,"38":45,"39":1,"40":15,"41":15,"42":15,"43":15,"44":15,"45":46,"46":46,"47":45,"48":45,"49":45,"50":45,"51":45,"52":45,"53":1,"54":1,"55":45,"56":15,"57":15,"58":1,"59":1,"60":1,"61":15,"62":1,"63":1,"64":15,"65":1,"66":1},"f":{"0":16,"1":45,"2":14,"3":16,"4":4,"5":45,"6":1,"7":15,"8":45,"9":1,"10":15,"11":46,"12":1,"13":1,"14":1,"15":1,"16":1},"b":{"0":[42,3],"1":[1,2],"2":[4,10],"3":[14,4],"4":[1,13],"5":[14,1],"6":[2,2],"7":[2,0],"8":[2,0],"9":[2,0],"10":[44,1],"11":[0,1],"12":[1,0,0],"13":[45,1],"14":[1,14]},"_coverageSchema":"1a1c01bbd47fc00a2c39e90264f33305004495a9","hash":"a3d28be74d98a3d878caffb349db3654261ab8e3"}
,"/Users/mariacordova/Documents/exercise/devices-clientapp/src/hooks/useDeviceList.js": {"path":"/Users/mariacordova/Documents/exercise/devices-clientapp/src/hooks/useDeviceList.js","statementMap":{"0":{"start":{"line":5,"column":14},"end":{"line":5,"column":23}},"1":{"start":{"line":7,"column":22},"end":{"line":18,"column":1}},"2":{"start":{"line":8,"column":28},"end":{"line":8,"column":40}},"3":{"start":{"line":9,"column":4},"end":{"line":14,"column":11}},"4":{"start":{"line":10,"column":24},"end":{"line":12,"column":9}},"5":{"start":{"line":11,"column":12},"end":{"line":11,"column":63}},"6":{"start":{"line":13,"column":8},"end":{"line":13,"column":18}},"7":{"start":{"line":15,"column":4},"end":{"line":17,"column":6}}},"fnMap":{"0":{"name":"(anonymous_0)","decl":{"start":{"line":7,"column":22},"end":{"line":7,"column":23}},"loc":{"start":{"line":7,"column":28},"end":{"line":18,"column":1}},"line":7},"1":{"name":"(anonymous_1)","decl":{"start":{"line":9,"column":14},"end":{"line":9,"column":15}},"loc":{"start":{"line":9,"column":20},"end":{"line":14,"column":5}},"line":9},"2":{"name":"(anonymous_2)","decl":{"start":{"line":10,"column":24},"end":{"line":10,"column":25}},"loc":{"start":{"line":10,"column":36},"end":{"line":12,"column":9}},"line":10}},"branchMap":{},"s":{"0":2,"1":2,"2":2,"3":2,"4":1,"5":1,"6":1,"7":2},"f":{"0":2,"1":1,"2":1},"b":{},"_coverageSchema":"1a1c01bbd47fc00a2c39e90264f33305004495a9","hash":"c331a41b21444dcad1116dbffc9228d581ab3043"}
,"/Users/mariacordova/Documents/exercise/devices-clientapp/src/pages/CreateEditForm.js": {"path":"/Users/mariacordova/Documents/exercise/devices-clientapp/src/pages/CreateEditForm.js","statementMap":{"0":{"start":{"line":7,"column":22},"end":{"line":7,"column":31}},"1":{"start":{"line":8,"column":20},"end":{"line":8,"column":29}},"2":{"start":{"line":11,"column":23},"end":{"line":112,"column":1}},"3":{"start":{"line":12,"column":28},"end":{"line":12,"column":42}},"4":{"start":{"line":13,"column":38},"end":{"line":13,"column":53}},"5":{"start":{"line":14,"column":21},"end":{"line":14,"column":26}},"6":{"start":{"line":17,"column":25},"end":{"line":35,"column":5}},"7":{"start":{"line":18,"column":21},"end":{"line":18,"column":40}},"8":{"start":{"line":19,"column":8},"end":{"line":22,"column":9}},"9":{"start":{"line":20,"column":12},"end":{"line":20,"column":35}},"10":{"start":{"line":21,"column":12},"end":{"line":21,"column":36}},"11":{"start":{"line":23,"column":8},"end":{"line":23,"column":27}},"12":{"start":{"line":24,"column":8},"end":{"line":28,"column":10}},"13":{"start":{"line":29,"column":8},"end":{"line":34,"column":9}},"14":{"start":{"line":30,"column":12},"end":{"line":30,"column":54}},"15":{"start":{"line":32,"column":25},"end":{"line":32,"column":55}},"16":{"start":{"line":33,"column":12},"end":{"line":33,"column":42}},"17":{"start":{"line":37,"column":24},"end":{"line":43,"column":5}},"18":{"start":{"line":38,"column":22},"end":{"line":38,"column":24}},"19":{"start":{"line":39,"column":8},"end":{"line":41,"column":10}},"20":{"start":{"line":40,"column":12},"end":{"line":40,"column":97}},"21":{"start":{"line":42,"column":8},"end":{"line":42,"column":23}},"22":{"start":{"line":46,"column":24},"end":{"line":46,"column":44}},"23":{"start":{"line":46,"column":30},"end":{"line":46,"column":44}},"24":{"start":{"line":48,"column":4},"end":{"line":110,"column":12}},"25":{"start":{"line":63,"column":28},"end":{"line":65,"column":29}},"26":{"start":{"line":64,"column":32},"end":{"line":64,"column":55}},"27":{"start":{"line":93,"column":28},"end":{"line":95,"column":29}},"28":{"start":{"line":94,"column":32},"end":{"line":94,"column":55}},"29":{"start":{"line":114,"column":0},"end":{"line":121,"column":1}},"30":{"start":{"line":122,"column":0},"end":{"line":124,"column":1}}},"fnMap":{"0":{"name":"(anonymous_0)","decl":{"start":{"line":11,"column":23},"end":{"line":11,"column":24}},"loc":{"start":{"line":11,"column":34},"end":{"line":112,"column":1}},"line":11},"1":{"name":"(anonymous_1)","decl":{"start":{"line":17,"column":25},"end":{"line":17,"column":26}},"loc":{"start":{"line":17,"column":36},"end":{"line":35,"column":5}},"line":17},"2":{"name":"(anonymous_2)","decl":{"start":{"line":37,"column":24},"end":{"line":37,"column":25}},"loc":{"start":{"line":37,"column":34},"end":{"line":43,"column":5}},"line":37},"3":{"name":"(anonymous_3)","decl":{"start":{"line":39,"column":21},"end":{"line":39,"column":22}},"loc":{"start":{"line":39,"column":33},"end":{"line":41,"column":9}},"line":39},"4":{"name":"(anonymous_4)","decl":{"start":{"line":46,"column":24},"end":{"line":46,"column":25}},"loc":{"start":{"line":46,"column":30},"end":{"line":46,"column":44}},"line":46},"5":{"name":"(anonymous_5)","decl":{"start":{"line":62,"column":36},"end":{"line":62,"column":37}},"loc":{"start":{"line":62,"column":47},"end":{"line":66,"column":25}},"line":62},"6":{"name":"(anonymous_6)","decl":{"start":{"line":92,"column":36},"end":{"line":92,"column":37}},"loc":{"start":{"line":92,"column":47},"end":{"line":96,"column":25}},"line":92}},"branchMap":{"0":{"loc":{"start":{"line":19,"column":8},"end":{"line":22,"column":9}},"type":"if","locations":[{"start":{"line":19,"column":8},"end":{"line":22,"column":9}},{"start":{},"end":{}}],"line":19},"1":{"loc":{"start":{"line":29,"column":8},"end":{"line":34,"column":9}},"type":"if","locations":[{"start":{"line":29,"column":8},"end":{"line":34,"column":9}},{"start":{"line":31,"column":13},"end":{"line":34,"column":9}}],"line":29},"2":{"loc":{"start":{"line":63,"column":28},"end":{"line":65,"column":29}},"type":"if","locations":[{"start":{"line":63,"column":28},"end":{"line":65,"column":29}},{"start":{},"end":{}}],"line":63},"3":{"loc":{"start":{"line":93,"column":28},"end":{"line":95,"column":29}},"type":"if","locations":[{"start":{"line":93,"column":28},"end":{"line":95,"column":29}},{"start":{},"end":{}}],"line":93}},"s":{"0":1,"1":1,"2":1,"3":8,"4":8,"5":8,"6":8,"7":3,"8":3,"9":1,"10":1,"11":3,"12":3,"13":3,"14":2,"15":1,"16":1,"17":8,"18":8,"19":8,"20":24,"21":8,"22":8,"23":0,"24":8,"25":0,"26":0,"27":0,"28":0,"29":1,"30":1},"f":{"0":8,"1":3,"2":8,"3":24,"4":0,"5":0,"6":0},"b":{"0":[1,2],"1":[2,1],"2":[0,0],"3":[0,0]},"_coverageSchema":"1a1c01bbd47fc00a2c39e90264f33305004495a9","hash":"4499db44103c21d4c78e32ffb6145c42ec7bfeff"}
,"/Users/mariacordova/Documents/exercise/devices-clientapp/src/pages/Dashboard.js": {"path":"/Users/mariacordova/Documents/exercise/devices-clientapp/src/pages/Dashboard.js","statementMap":{"0":{"start":{"line":7,"column":30},"end":{"line":7,"column":39}},"1":{"start":{"line":9,"column":18},"end":{"line":57,"column":1}},"2":{"start":{"line":10,"column":36},"end":{"line":10,"column":55}},"3":{"start":{"line":11,"column":34},"end":{"line":11,"column":49}},"4":{"start":{"line":13,"column":25},"end":{"line":15,"column":5}},"5":{"start":{"line":14,"column":8},"end":{"line":14,"column":40}},"6":{"start":{"line":17,"column":24},"end":{"line":23,"column":5}},"7":{"start":{"line":18,"column":22},"end":{"line":18,"column":24}},"8":{"start":{"line":19,"column":8},"end":{"line":21,"column":10}},"9":{"start":{"line":20,"column":12},"end":{"line":20,"column":97}},"10":{"start":{"line":22,"column":8},"end":{"line":22,"column":23}},"11":{"start":{"line":25,"column":22},"end":{"line":27,"column":5}},"12":{"start":{"line":26,"column":8},"end":{"line":26,"column":25}},"13":{"start":{"line":30,"column":4},"end":{"line":56,"column":5}}},"fnMap":{"0":{"name":"(anonymous_0)","decl":{"start":{"line":9,"column":18},"end":{"line":9,"column":19}},"loc":{"start":{"line":9,"column":24},"end":{"line":57,"column":1}},"line":9},"1":{"name":"(anonymous_1)","decl":{"start":{"line":13,"column":25},"end":{"line":13,"column":26}},"loc":{"start":{"line":13,"column":36},"end":{"line":15,"column":5}},"line":13},"2":{"name":"(anonymous_2)","decl":{"start":{"line":17,"column":24},"end":{"line":17,"column":25}},"loc":{"start":{"line":17,"column":34},"end":{"line":23,"column":5}},"line":17},"3":{"name":"(anonymous_3)","decl":{"start":{"line":19,"column":21},"end":{"line":19,"column":22}},"loc":{"start":{"line":19,"column":33},"end":{"line":21,"column":9}},"line":19},"4":{"name":"(anonymous_4)","decl":{"start":{"line":25,"column":22},"end":{"line":25,"column":23}},"loc":{"start":{"line":25,"column":28},"end":{"line":27,"column":5}},"line":25}},"branchMap":{"0":{"loc":{"start":{"line":50,"column":17},"end":{"line":50,"column":52}},"type":"cond-expr","locations":[{"start":{"line":50,"column":27},"end":{"line":50,"column":44}},{"start":{"line":50,"column":47},"end":{"line":50,"column":52}}],"line":50}},"s":{"0":1,"1":1,"2":4,"3":4,"4":4,"5":0,"6":4,"7":4,"8":4,"9":12,"10":4,"11":4,"12":1,"13":4},"f":{"0":4,"1":0,"2":4,"3":12,"4":1},"b":{"0":[1,3]},"_coverageSchema":"1a1c01bbd47fc00a2c39e90264f33305004495a9","hash":"84f01d8ffdfd44301fba3036ab4c3cb8a943cc5c"}
,"/Users/mariacordova/Documents/exercise/devices-clientapp/src/services/deviceService.js": {"path":"/Users/mariacordova/Documents/exercise/devices-clientapp/src/services/deviceService.js","statementMap":{"0":{"start":{"line":4,"column":15},"end":{"line":4,"column":39}},"1":{"start":{"line":5,"column":12},"end":{"line":5,"column":21}},"2":{"start":{"line":6,"column":22},"end":{"line":6,"column":31}},"3":{"start":{"line":8,"column":21},"end":{"line":14,"column":1}},"4":{"start":{"line":9,"column":4},"end":{"line":13,"column":5}},"5":{"start":{"line":16,"column":15},"end":{"line":24,"column":2}},"6":{"start":{"line":16,"column":34},"end":{"line":24,"column":2}},"7":{"start":{"line":17,"column":4},"end":{"line":23,"column":11}},"8":{"start":{"line":19,"column":12},"end":{"line":19,"column":30}},"9":{"start":{"line":22,"column":12},"end":{"line":22,"column":26}}},"fnMap":{"0":{"name":"(anonymous_0)","decl":{"start":{"line":8,"column":21},"end":{"line":8,"column":22}},"loc":{"start":{"line":8,"column":39},"end":{"line":14,"column":1}},"line":8},"1":{"name":"(anonymous_1)","decl":{"start":{"line":16,"column":15},"end":{"line":16,"column":16}},"loc":{"start":{"line":16,"column":34},"end":{"line":24,"column":2}},"line":16},"2":{"name":"(anonymous_2)","decl":{"start":{"line":16,"column":46},"end":{"line":16,"column":47}},"loc":{"start":{"line":16,"column":67},"end":{"line":24,"column":1}},"line":16},"3":{"name":"(anonymous_3)","decl":{"start":{"line":18,"column":14},"end":{"line":18,"column":15}},"loc":{"start":{"line":18,"column":28},"end":{"line":20,"column":9}},"line":18},"4":{"name":"(anonymous_4)","decl":{"start":{"line":21,"column":15},"end":{"line":21,"column":16}},"loc":{"start":{"line":21,"column":26},"end":{"line":23,"column":9}},"line":21}},"branchMap":{"0":{"loc":{"start":{"line":10,"column":13},"end":{"line":10,"column":91}},"type":"cond-expr","locations":[{"start":{"line":10,"column":45},"end":{"line":10,"column":73}},{"start":{"line":10,"column":74},"end":{"line":10,"column":91}}],"line":10},"1":{"loc":{"start":{"line":10,"column":13},"end":{"line":10,"column":44}},"type":"binary-expr","locations":[{"start":{"line":10,"column":13},"end":{"line":10,"column":28}},{"start":{"line":10,"column":32},"end":{"line":10,"column":44}}],"line":10}},"s":{"0":3,"1":3,"2":3,"3":3,"4":0,"5":3,"6":0,"7":0,"8":0,"9":0},"f":{"0":0,"1":0,"2":0,"3":0,"4":0},"b":{"0":[0,0],"1":[0,0]},"_coverageSchema":"1a1c01bbd47fc00a2c39e90264f33305004495a9","hash":"bc1fa91fa43531d0179bec5d6da4370b8bb9dd30"}
,"/Users/mariacordova/Documents/exercise/devices-clientapp/src/services/restService.js": {"path":"/Users/mariacordova/Documents/exercise/devices-clientapp/src/services/restService.js","statementMap":{"0":{"start":{"line":3,"column":12},"end":{"line":20,"column":4}},"1":{"start":{"line":3,"column":25},"end":{"line":20,"column":4}},"2":{"start":{"line":4,"column":4},"end":{"line":19,"column":11}},"3":{"start":{"line":14,"column":10},"end":{"line":14,"column":33}},"4":{"start":{"line":17,"column":10},"end":{"line":17,"column":47}},"5":{"start":{"line":18,"column":10},"end":{"line":18,"column":24}}},"fnMap":{"0":{"name":"(anonymous_0)","decl":{"start":{"line":3,"column":12},"end":{"line":3,"column":13}},"loc":{"start":{"line":3,"column":25},"end":{"line":20,"column":4}},"line":3},"1":{"name":"(anonymous_1)","decl":{"start":{"line":3,"column":37},"end":{"line":3,"column":38}},"loc":{"start":{"line":3,"column":58},"end":{"line":20,"column":3}},"line":3},"2":{"name":"(anonymous_2)","decl":{"start":{"line":13,"column":14},"end":{"line":13,"column":15}},"loc":{"start":{"line":13,"column":28},"end":{"line":15,"column":9}},"line":13},"3":{"name":"(anonymous_3)","decl":{"start":{"line":16,"column":15},"end":{"line":16,"column":16}},"loc":{"start":{"line":16,"column":26},"end":{"line":19,"column":9}},"line":16}},"branchMap":{},"s":{"0":4,"1":2,"2":2,"3":1,"4":1,"5":1},"f":{"0":2,"1":2,"2":1,"3":1},"b":{},"_coverageSchema":"1a1c01bbd47fc00a2c39e90264f33305004495a9","hash":"c062754bc95cf585f5a58acdc253c94c8e3d1ea5"}
,"/Users/mariacordova/Documents/exercise/devices-clientapp/src/util/Constants.js": {"path":"/Users/mariacordova/Documents/exercise/devices-clientapp/src/util/Constants.js","statementMap":{"0":{"start":{"line":1,"column":18},"end":{"line":44,"column":1}}},"fnMap":{},"branchMap":{},"s":{"0":8},"f":{},"b":{},"_coverageSchema":"1a1c01bbd47fc00a2c39e90264f33305004495a9","hash":"8aa877205c099ae0a3596975d20f20963183bcf6"}
}
