TN:
SF:src/App.js
FN:6,App
FNF:1
FNH:1
FNDA:1,App
DA:7,1
LF:1
LH:1
BRF:0
BRH:0
end_of_record
TN:
SF:src/index.js
FNF:0
FNH:0
DA:8,0
DA:18,0
LF:2
LH:0
BRF:0
BRH:0
end_of_record
TN:
SF:src/components/DevicesTable.js
FN:11,(anonymous_0)
FN:19,(anonymous_1)
FN:26,(anonymous_2)
FN:29,(anonymous_3)
FN:32,(anonymous_4)
FN:43,(anonymous_5)
FN:53,(anonymous_6)
FN:67,(anonymous_7)
FN:69,(anonymous_8)
FN:72,(anonymous_9)
FN:82,(anonymous_10)
FN:84,(anonymous_11)
FN:93,(anonymous_12)
FN:96,(anonymous_13)
FN:105,(anonymous_14)
FN:107,(anonymous_15)
FN:109,(anonymous_16)
FNF:17
FNH:17
FNDA:16,(anonymous_0)
FNDA:45,(anonymous_1)
FNDA:14,(anonymous_2)
FNDA:16,(anonymous_3)
FNDA:4,(anonymous_4)
FNDA:45,(anonymous_5)
FNDA:1,(anonymous_6)
FNDA:15,(anonymous_7)
FNDA:45,(anonymous_8)
FNDA:1,(anonymous_9)
FNDA:15,(anonymous_10)
FNDA:46,(anonymous_11)
FNDA:1,(anonymous_12)
FNDA:1,(anonymous_13)
FNDA:1,(anonymous_14)
FNDA:1,(anonymous_15)
FNDA:1,(anonymous_16)
DA:9,1
DA:11,1
DA:12,16
DA:13,15
DA:14,15
DA:15,15
DA:16,15
DA:17,15
DA:18,15
DA:19,15
DA:20,45
DA:21,42
DA:23,3
DA:26,15
DA:27,14
DA:28,14
DA:29,16
DA:31,14
DA:32,1
DA:33,4
DA:34,2
DA:36,2
DA:37,2
DA:39,0
DA:42,14
DA:44,45
DA:45,44
DA:47,1
DA:53,15
DA:54,1
DA:55,1
DA:60,0
DA:62,1
DA:63,1
DA:67,15
DA:68,15
DA:69,15
DA:70,45
DA:72,1
DA:78,15
DA:79,15
DA:82,15
DA:83,15
DA:84,15
DA:85,46
DA:86,46
DA:87,45
DA:88,45
DA:89,45
DA:90,45
DA:91,45
DA:92,45
DA:93,1
DA:96,1
DA:99,45
DA:102,15
DA:105,15
DA:106,1
DA:107,1
DA:109,15
DA:110,1
DA:111,1
DA:114,15
DA:131,1
DA:135,1
LF:65
LH:63
BRDA:20,0,0,42
BRDA:20,0,1,3
BRDA:23,1,0,1
BRDA:23,1,1,2
BRDA:28,2,0,4
BRDA:28,2,1,10
BRDA:28,3,0,14
BRDA:28,3,1,4
BRDA:31,4,0,1
BRDA:31,4,1,13
BRDA:31,5,0,14
BRDA:31,5,1,1
BRDA:33,6,0,2
BRDA:33,6,1,2
BRDA:34,7,0,2
BRDA:34,7,1,0
BRDA:36,8,0,2
BRDA:36,8,1,0
BRDA:37,9,0,2
BRDA:37,9,1,0
BRDA:44,10,0,44
BRDA:44,10,1,1
BRDA:55,11,0,0
BRDA:55,11,1,1
BRDA:56,12,0,1
BRDA:56,12,1,0
BRDA:56,12,2,0
BRDA:86,13,0,45
BRDA:86,13,1,1
BRDA:126,14,0,1
BRDA:126,14,1,14
BRF:31
BRH:25
end_of_record
TN:
SF:src/hooks/useDeviceList.js
FN:7,(anonymous_0)
FN:9,(anonymous_1)
FN:10,(anonymous_2)
FNF:3
FNH:3
FNDA:2,(anonymous_0)
FNDA:1,(anonymous_1)
FNDA:1,(anonymous_2)
DA:5,2
DA:7,2
DA:8,2
DA:9,2
DA:10,1
DA:11,1
DA:13,1
DA:15,2
LF:8
LH:8
BRF:0
BRH:0
end_of_record
TN:
SF:src/pages/CreateEditForm.js
FN:11,(anonymous_0)
FN:17,(anonymous_1)
FN:37,(anonymous_2)
FN:39,(anonymous_3)
FN:46,(anonymous_4)
FN:62,(anonymous_5)
FN:92,(anonymous_6)
FNF:7
FNH:4
FNDA:8,(anonymous_0)
FNDA:3,(anonymous_1)
FNDA:8,(anonymous_2)
FNDA:24,(anonymous_3)
FNDA:0,(anonymous_4)
FNDA:0,(anonymous_5)
FNDA:0,(anonymous_6)
DA:7,1
DA:8,1
DA:11,1
DA:12,8
DA:13,8
DA:14,8
DA:17,8
DA:18,3
DA:19,3
DA:20,1
DA:21,1
DA:23,3
DA:24,3
DA:29,3
DA:30,2
DA:32,1
DA:33,1
DA:37,8
DA:38,8
DA:39,8
DA:40,24
DA:42,8
DA:46,8
DA:48,8
DA:63,0
DA:64,0
DA:93,0
DA:94,0
DA:114,1
DA:122,1
LF:30
LH:26
BRDA:19,0,0,1
BRDA:19,0,1,2
BRDA:29,1,0,2
BRDA:29,1,1,1
BRDA:63,2,0,0
BRDA:63,2,1,0
BRDA:93,3,0,0
BRDA:93,3,1,0
BRF:8
BRH:4
end_of_record
TN:
SF:src/pages/Dashboard.js
FN:9,(anonymous_0)
FN:13,(anonymous_1)
FN:17,(anonymous_2)
FN:19,(anonymous_3)
FN:25,(anonymous_4)
FNF:5
FNH:4
FNDA:4,(anonymous_0)
FNDA:0,(anonymous_1)
FNDA:4,(anonymous_2)
FNDA:12,(anonymous_3)
FNDA:1,(anonymous_4)
DA:7,1
DA:9,1
DA:10,4
DA:11,4
DA:13,4
DA:14,0
DA:17,4
DA:18,4
DA:19,4
DA:20,12
DA:22,4
DA:25,4
DA:26,1
DA:30,4
LF:14
LH:13
BRDA:50,0,0,1
BRDA:50,0,1,3
BRF:2
BRH:2
end_of_record
TN:
SF:src/services/deviceService.js
FN:8,(anonymous_0)
FN:16,(anonymous_1)
FN:16,(anonymous_2)
FN:18,(anonymous_3)
FN:21,(anonymous_4)
FNF:5
FNH:0
FNDA:0,(anonymous_0)
FNDA:0,(anonymous_1)
FNDA:0,(anonymous_2)
FNDA:0,(anonymous_3)
FNDA:0,(anonymous_4)
DA:4,3
DA:5,3
DA:6,3
DA:8,3
DA:9,0
DA:16,3
DA:17,0
DA:19,0
DA:22,0
LF:9
LH:5
BRDA:10,0,0,0
BRDA:10,0,1,0
BRDA:10,1,0,0
BRDA:10,1,1,0
BRF:4
BRH:0
end_of_record
TN:
SF:src/services/restService.js
FN:3,(anonymous_0)
FN:3,(anonymous_1)
FN:13,(anonymous_2)
FN:16,(anonymous_3)
FNF:4
FNH:4
FNDA:2,(anonymous_0)
FNDA:2,(anonymous_1)
FNDA:1,(anonymous_2)
FNDA:1,(anonymous_3)
DA:3,4
DA:4,2
DA:14,1
DA:17,1
DA:18,1
LF:5
LH:5
BRF:0
BRH:0
end_of_record
TN:
SF:src/util/Constants.js
FNF:0
FNH:0
DA:1,8
LF:1
LH:1
BRF:0
BRH:0
end_of_record
